[debug] [2022-01-11T18:37:19.505Z] ----------------------------------------------------------------------
[debug] [2022-01-11T18:37:19.507Z] Command:       C:\Program Files\nodejs\node.exe C:\Users\napse\AppData\Roaming\npm\node_modules\firebase-tools\lib\bin\firebase.js init
[debug] [2022-01-11T18:37:19.507Z] CLI Version:   10.0.1
[debug] [2022-01-11T18:37:19.507Z] Platform:      win32
[debug] [2022-01-11T18:37:19.508Z] Node Version:  v16.13.1
[debug] [2022-01-11T18:37:19.508Z] Time:          Tue Jan 11 2022 19:37:19 GMT+0100 (Central European Standard Time)
[debug] [2022-01-11T18:37:19.509Z] ----------------------------------------------------------------------
[debug] 
[debug] [2022-01-11T18:37:19.515Z] > command requires scopes: ["email","openid","https://www.googleapis.com/auth/cloudplatformprojects.readonly","https://www.googleapis.com/auth/firebase","https://www.googleapis.com/auth/cloud-platform"]
[debug] [2022-01-11T18:37:19.515Z] > authorizing via signed-in user (napselc.abhi@gmail.com)
[info] 
     ######## #### ########  ######## ########     ###     ######  ########
     ##        ##  ##     ## ##       ##     ##  ##   ##  ##       ##
     ######    ##  ########  ######   ########  #########  ######  ######
     ##        ##  ##    ##  ##       ##     ## ##     ##       ## ##
     ##       #### ##     ## ######## ########  ##     ##  ######  ########

You're about to initialize a Firebase project in this directory:

  C:\Users\napse\Desktop\Angular\project2

[info] 
=== Project Setup
[info] 
[info] First, let's associate this project directory with a Firebase project.
[info] You can create multiple project aliases by running firebase use --add, 
[info] but for now we'll just set up a default project.
[info] 
[debug] [2022-01-11T18:42:04.738Z] >>> [apiv2][query] GET https://firebase.googleapis.com/v1beta1/projects pageSize=100
[debug] [2022-01-11T18:42:06.319Z] <<< [apiv2][status] GET https://firebase.googleapis.com/v1beta1/projects 200
[debug] [2022-01-11T18:42:06.319Z] <<< [apiv2][body] GET https://firebase.googleapis.com/v1beta1/projects [omitted]
[info] i  Using project bucketlist-21095 (BucketList) 
[info] 
=== Hosting Setup
[info] 
[info] Your public directory is the folder (relative to your project directory) that
[info] will contain Hosting assets to be uploaded with firebase deploy. If you
[info] have a build process for your assets, use your build's output directory.
[info] 
